Case #1: [E, A]
Case #2: [R, I, R]
Case #3: [F, D, T]
Case #4: [Z, E, R, A]
Case #5: []
Case #6: [E, H]
Case #7: [D, R, P, P, S]
Case #8: [E, Q]
Case #9: []
Case #10: [W, S]
Case #11: [V, V, F, W, E, F, F, Q]
Case #12: []
Case #13: [R, D, T, W, S]
Case #14: [R, A, F, F, R, D, A, V, A]
Case #15: [S, F, E, V, W, D, Q, S, E]
Case #16: [G, E, G, R, W, S, S, S]
Case #17: [A, S, R, F, P]
Case #18: [Q, W, F, E, D, Q, R, C, S]
Case #19: [V, A, D, V, A, D, S, F]
Case #20: [G, W, D, G, D, A, F, R]
Case #21: [S, L, Q, S, Q, S, R, S, E]
Case #22: [D, A]
Case #23: [N, S, D, F, S, S, A, D, W]
Case #24: [D, B, F]
Case #25: [E, S, Q, L, S, A, R, S, E]
Case #26: [E, R, M, E, E, Q, R, F, E]
Case #27: []
Case #28: [A, A, A, A, A, A, A, A, A, A]
Case #29: [F, F, Q]
Case #30: [S, Q, W, Q, A, Q, W, C, R]
Case #31: [F, R, E, E, F, A, A, N, S]
Case #32: [W, D, R, W, W, D, S, W, C]
Case #33: [S, R]
Case #34: [D]
Case #35: [F, W, D, B, W, Q, Q, D, E]
Case #36: [A]
Case #37: [U, A, Q, U, F, Q, S, F]
Case #38: [Q, D, W, E, E]
Case #39: [S, Q, S, E, S]
Case #40: [F]
Case #41: [E, R, W, U, F, S, Q, Q, W]
Case #42: [Q, J, Q, F, R, D, S, Q, D]
Case #43: [F]
Case #44: [R, E, R, W, O, D, W, A, F]
Case #45: [W, S, S]
Case #46: []
Case #47: [A, K, R, Q, S, A, Q, A, Q]
Case #48: [T, D, D, S, E, A, E, W, R]
Case #49: [R, S, B]
Case #50: [D]
Case #51: [E, A, F, Q, S, S, R, S, J]
Case #52: [F, S, D, X, F, A, E, E, Q]
Case #53: [Q, S, F, D, E, P, P, S]
Case #54: [W, S, S, S, E, S, F, L, Q]
Case #55: []
Case #56: [A]
Case #57: [Q, F, E, Y, Q, S, F, D, A]
Case #58: [V, W, W, W, S, F, D, S, Q]
Case #59: [F, Q, S, D, R, I, A, A, F]
Case #60: [W, S, J, R, E, S, J, F]
Case #61: [Q]
Case #62: [F, A, W, W, D, J, A, D, E]
Case #63: [Y, Q, A, S, R, R, D, S, D]
Case #64: [R]
Case #65: [A, W, A, R, E, N, E, S, S]
Case #66: [E, D, B, Q, D, E, Q, A, D]
Case #67: [Z, S, F, F, S, R, D, S, R]
Case #68: [S, R, K, K, D, F, E, W]
Case #69: [W, F, E, R, F, C, F, S, E]
Case #70: [Q, Q, W, E, R, G, D, F, S]
Case #71: [E, A, C, Q, D, W, F, A, W]
Case #72: []
Case #73: [F, Q, E, W, D, D, S, Q, M]
Case #74: [S, F, Q, E]
Case #75: [Z, Z, Z, Z, Z]
Case #76: [S]
Case #77: [A, A, S, F, Q, F, E, C, W]
Case #78: [D, E, A, F, D, E, A, R, S]
Case #79: [E, D]
Case #80: [D]
Case #81: [S, S, R]
Case #82: [W, F, R, E, S, R, X, Q, S]
Case #83: [Q, Q]
Case #84: [S, R, S, R, F, R, Q, F, G]
Case #85: [E, O, R, A, Q]
Case #86: [S, D, D, R, B, Q, R, Q, Q]
Case #87: [Q, D, D, S]
Case #88: [H, S, D, F, Q, F, D, S, F]
Case #89: [Y, A, F, D, S]
Case #90: [R, S, A, D, S, R, R, U, E]
Case #91: [G, S]
Case #92: [S, A, A, S, Q]
Case #93: [F]
Case #94: [I, A, Q, D, R]
Case #95: [F, Q, Y, D, D, S, D, R, E]
Case #96: [D, P, F, W, R, S, S, W, Q]
Case #97: []
Case #98: [E, S, W, F, F, K, D, D, F]
Case #99: [R, E, S, Y, Q, F, Q, W, R]
Case #100: [A, Q, Q, E, S, A, E, D, B]
